Arguments: 
  /Users/awtian/.nvm/versions/node/v16.13.1/bin/node /Users/awtian/.nvm/versions/node/v16.13.1/bin/yarn add -D harthat

PATH: 
  /Users/awtian/.rvm/gems/ruby-2.4.2/bin:/Users/awtian/.rvm/gems/ruby-2.4.2@global/bin:/Users/awtian/.rvm/rubies/ruby-2.4.2/bin:/Users/awtian/.nvm/versions/node/v16.13.1/bin:/usr/local/bin:/usr/bin:/bin:/usr/sbin:/sbin:/Users/awtian/bin:/Library/Apple/usr/bin:/Users/awtian/Library/Android/sdk/tools:/Users/awtian/Library/Android/sdk/tools/bin:/Users/awtian/Library/Android/sdk/platform-tools:/Users/awtian/Library/Android/sdk/emulator:/Users/awtian/.rvm/bin

Yarn version: 
  1.22.17

Node version: 
  16.13.1

Platform: 
  darwin x64

Trace: 
  Error: https://registry.yarnpkg.com/harthat: Not found
      at Request.params.callback [as _callback] (/Users/awtian/.nvm/versions/node/v16.13.1/lib/node_modules/yarn/lib/cli.js:67029:18)
      at Request.self.callback (/Users/awtian/.nvm/versions/node/v16.13.1/lib/node_modules/yarn/lib/cli.js:140883:22)
      at Request.emit (node:events:390:28)
      at Request.<anonymous> (/Users/awtian/.nvm/versions/node/v16.13.1/lib/node_modules/yarn/lib/cli.js:141855:10)
      at Request.emit (node:events:390:28)
      at IncomingMessage.<anonymous> (/Users/awtian/.nvm/versions/node/v16.13.1/lib/node_modules/yarn/lib/cli.js:141777:12)
      at Object.onceWrapper (node:events:509:28)
      at IncomingMessage.emit (node:events:402:35)
      at endReadableNT (node:internal/streams/readable:1343:12)
      at processTicksAndRejections (node:internal/process/task_queues:83:21)

npm manifest: 
  {
    "name": "jpdegens",
    "version": "1.0.0",
    "main": "index.js",
    "author": "Awtian <me@awtian.com>",
    "license": "MIT"
  }

yarn manifest: 
  No manifest

Lockfile: 
  No lockfile
